[0m14:00:11.189470 [debug] [MainThread]: Sending event: {'category': 'dbt', 'action': 'invocation', 'label': 'start', 'context': [<snowplow_tracker.self_describing_json.SelfDescribingJson object at 0x10292d730>, <snowplow_tracker.self_describing_json.SelfDescribingJson object at 0x106c02b10>, <snowplow_tracker.self_describing_json.SelfDescribingJson object at 0x106c02780>]}


============================== 14:00:11.198865 | 42a06e4a-2dda-4d1d-805a-88c6dcee0447 ==============================
[0m14:00:11.198865 [info ] [MainThread]: Running with dbt=1.9.4
[0m14:00:11.199220 [debug] [MainThread]: running dbt with arguments {'printer_width': '80', 'indirect_selection': 'eager', 'log_cache_events': 'False', 'write_json': 'True', 'partial_parse': 'True', 'cache_selected_only': 'False', 'profiles_dir': '/Users/DMohan/.dbt', 'fail_fast': 'False', 'debug': 'False', 'log_path': 'logs', 'warn_error': 'None', 'version_check': 'True', 'use_colors': 'True', 'use_experimental_parser': 'False', 'empty': 'None', 'quiet': 'False', 'no_print': 'None', 'log_format': 'default', 'invocation_command': 'dbt init', 'warn_error_options': 'WarnErrorOptions(include=[], exclude=[])', 'static_parser': 'True', 'target_path': 'None', 'introspect': 'True', 'send_anonymous_usage_stats': 'True'}
[0m14:00:15.045767 [debug] [MainThread]: Starter project path: /Users/DMohan/Desktop/Analytics/DE/airquality/venv/lib/python3.12/site-packages/dbt/include/starter_project
[0m14:00:15.100381 [info ] [MainThread]: 
Your new dbt project "airquality" was created!

For more information on how to configure the profiles.yml file,
please consult the dbt documentation here:

  https://docs.getdbt.com/docs/configure-your-profile

One more thing:

Need help? Don't hesitate to reach out to us via GitHub issues or on Slack:

  https://community.getdbt.com/

Happy modeling!

[0m14:00:15.100994 [info ] [MainThread]: Setting up your profile.
[0m14:01:57.912451 [info ] [MainThread]: Profile airquality written to /Users/DMohan/.dbt/profiles.yml using target's profile_template.yml and your supplied values. Run 'dbt debug' to validate the connection.
[0m14:01:57.949244 [debug] [MainThread]: Resource report: {"command_name": "init", "command_success": true, "command_wall_clock_time": 106.820885, "process_in_blocks": "0", "process_kernel_time": 1.107706, "process_mem_max_rss": "350060544", "process_out_blocks": "0", "process_user_time": 2.757425}
[0m14:01:57.950539 [debug] [MainThread]: Command `dbt init` succeeded at 14:01:57.950435 after 106.82 seconds
[0m14:01:57.951026 [debug] [MainThread]: Sending event: {'category': 'dbt', 'action': 'invocation', 'label': 'end', 'context': [<snowplow_tracker.self_describing_json.SelfDescribingJson object at 0x100332c30>, <snowplow_tracker.self_describing_json.SelfDescribingJson object at 0x149bbef00>, <snowplow_tracker.self_describing_json.SelfDescribingJson object at 0x149cb6150>]}
[0m14:01:57.951466 [debug] [MainThread]: Flushing usage events
[0m14:01:59.161424 [debug] [MainThread]: An error was encountered while trying to flush usage events
[0m14:02:09.159739 [debug] [MainThread]: Sending event: {'category': 'dbt', 'action': 'invocation', 'label': 'start', 'context': [<snowplow_tracker.self_describing_json.SelfDescribingJson object at 0x1086315e0>, <snowplow_tracker.self_describing_json.SelfDescribingJson object at 0x108ac2a50>, <snowplow_tracker.self_describing_json.SelfDescribingJson object at 0x108ac26c0>]}


============================== 14:02:09.164587 | 617a7b30-3adb-42a0-a8fe-9b1a6b9fb643 ==============================
[0m14:02:09.164587 [info ] [MainThread]: Running with dbt=1.9.4
[0m14:02:09.164926 [debug] [MainThread]: running dbt with arguments {'printer_width': '80', 'indirect_selection': 'eager', 'write_json': 'True', 'log_cache_events': 'False', 'partial_parse': 'True', 'cache_selected_only': 'False', 'profiles_dir': '/Users/DMohan/.dbt', 'fail_fast': 'False', 'version_check': 'True', 'log_path': 'logs', 'warn_error': 'None', 'debug': 'False', 'use_colors': 'True', 'use_experimental_parser': 'False', 'empty': 'None', 'quiet': 'False', 'no_print': 'None', 'warn_error_options': 'WarnErrorOptions(include=[], exclude=[])', 'introspect': 'True', 'invocation_command': 'dbt debug', 'log_format': 'default', 'target_path': 'None', 'static_parser': 'True', 'send_anonymous_usage_stats': 'True'}
[0m14:02:09.195026 [info ] [MainThread]: dbt version: 1.9.4
[0m14:02:09.195296 [info ] [MainThread]: python version: 3.12.3
[0m14:02:09.195453 [info ] [MainThread]: python path: /Users/DMohan/Desktop/Analytics/DE/airquality/venv/bin/python3.12
[0m14:02:09.195591 [info ] [MainThread]: os info: macOS-15.4.1-arm64-arm-64bit
[0m14:02:14.040006 [info ] [MainThread]: Error importing adapter: No module named 'dbt.adapters.postgres'
[0m14:02:14.046754 [info ] [MainThread]: Using profiles dir at /Users/DMohan/.dbt
[0m14:02:14.047068 [info ] [MainThread]: Using profiles.yml file at /Users/DMohan/.dbt/profiles.yml
[0m14:02:14.047284 [info ] [MainThread]: Using dbt_project.yml file at /Users/DMohan/Desktop/Analytics/DE/airquality/dbt/dbt_project.yml
[0m14:02:14.047486 [info ] [MainThread]: Configuration:
[0m14:02:14.047663 [info ] [MainThread]:   profiles.yml file [[31mERROR invalid[0m]
[0m14:02:14.047823 [info ] [MainThread]:   dbt_project.yml file [[31mERROR not found[0m]
[0m14:02:14.047975 [info ] [MainThread]: Required dependencies:
[0m14:02:14.048319 [debug] [MainThread]: Executing "git --help"
[0m14:02:14.089611 [debug] [MainThread]: STDOUT: "b"usage: git [-v | --version] [-h | --help] [-C <path>] [-c <name>=<value>]\n           [--exec-path[=<path>]] [--html-path] [--man-path] [--info-path]\n           [-p | --paginate | -P | --no-pager] [--no-replace-objects] [--bare]\n           [--git-dir=<path>] [--work-tree=<path>] [--namespace=<name>]\n           [--super-prefix=<path>] [--config-env=<name>=<envvar>]\n           <command> [<args>]\n\nThese are common Git commands used in various situations:\n\nstart a working area (see also: git help tutorial)\n   clone     Clone a repository into a new directory\n   init      Create an empty Git repository or reinitialize an existing one\n\nwork on the current change (see also: git help everyday)\n   add       Add file contents to the index\n   mv        Move or rename a file, a directory, or a symlink\n   restore   Restore working tree files\n   rm        Remove files from the working tree and from the index\n\nexamine the history and state (see also: git help revisions)\n   bisect    Use binary search to find the commit that introduced a bug\n   diff      Show changes between commits, commit and working tree, etc\n   grep      Print lines matching a pattern\n   log       Show commit logs\n   show      Show various types of objects\n   status    Show the working tree status\n\ngrow, mark and tweak your common history\n   branch    List, create, or delete branches\n   commit    Record changes to the repository\n   merge     Join two or more development histories together\n   rebase    Reapply commits on top of another base tip\n   reset     Reset current HEAD to the specified state\n   switch    Switch branches\n   tag       Create, list, delete or verify a tag object signed with GPG\n\ncollaborate (see also: git help workflows)\n   fetch     Download objects and refs from another repository\n   pull      Fetch from and integrate with another repository or a local branch\n   push      Update remote refs along with associated objects\n\n'git help -a' and 'git help -g' list available subcommands and some\nconcept guides. See 'git help <command>' or 'git help <concept>'\nto read about a specific subcommand or concept.\nSee 'git help git' for an overview of the system.\n""
[0m14:02:14.090283 [debug] [MainThread]: STDERR: "b''"
[0m14:02:14.090507 [info ] [MainThread]:  - git [[32mOK found[0m]

[0m14:02:14.090713 [info ] [MainThread]: Connection test skipped since no profile was found
[0m14:02:14.090971 [info ] [MainThread]: [31m2 checks failed:[0m
[0m14:02:14.091129 [info ] [MainThread]: Could not load dbt_project.yml
Profile loading failed for the following reason:
Runtime Error
  Credentials in profile "dbt_demo", target "dev" invalid: Runtime Error
    Could not find adapter type postgres!


[0m14:02:14.091308 [info ] [MainThread]: Project loading failed for the following reason:
 project path </Users/DMohan/Desktop/Analytics/DE/airquality/dbt/dbt_project.yml> not found

[0m14:02:14.096959 [debug] [MainThread]: Resource report: {"command_name": "debug", "command_success": false, "command_wall_clock_time": 4.9961348, "process_in_blocks": "0", "process_kernel_time": 0.678827, "process_mem_max_rss": "352157696", "process_out_blocks": "0", "process_user_time": 2.376973}
[0m14:02:14.097678 [debug] [MainThread]: Command `dbt debug` failed at 14:02:14.097605 after 5.00 seconds
[0m14:02:14.098090 [debug] [MainThread]: Sending event: {'category': 'dbt', 'action': 'invocation', 'label': 'end', 'context': [<snowplow_tracker.self_describing_json.SelfDescribingJson object at 0x1088fbf80>, <snowplow_tracker.self_describing_json.SelfDescribingJson object at 0x108a95d90>, <snowplow_tracker.self_describing_json.SelfDescribingJson object at 0x1356b5a60>]}
[0m14:02:14.098473 [debug] [MainThread]: Flushing usage events
[0m14:02:14.993286 [debug] [MainThread]: An error was encountered while trying to flush usage events
